<?xml version="1.0" encoding="UTF-8"?>
<robot generator="Robot 3.1.2 (Python 3.7.3 on win32)" generated="20191101 11:39:33.030" rpa="false">
<suite id="s1" name="F5 Ltm" source="C:\Users\p2901112\Documents\robots\f5_ltm">
<kw name="Setup lab" type="setup">
<doc>Configure the lab topology for all of the test cases.
This requires the F5s to be previously licensed.</doc>
<kw name="Log" library="BuiltIn">
<doc>Logs the given message with the given level.</doc>
<arguments>
<arg>${software_version}</arg>
</arguments>
<msg timestamp="20191101 11:39:33.746" level="INFO">13.1.3</msg>
<status status="PASS" starttime="20191101 11:39:33.746" endtime="20191101 11:39:33.746"></status>
</kw>
<status status="PASS" starttime="20191101 11:39:33.745" endtime="20191101 11:39:33.747"></status>
</kw>
<suite id="s1-s1" name="BGP" source="C:\Users\p2901112\Documents\robots\f5_ltm\BGP">
<kw name="Setup F5" type="setup">
<tags>
<tag>Setup</tag>
</tags>
<doc>Configure BGP peering.</doc>
<kw name="zebos -c 'show ip bgp summary'" library="secondary">
<assign>
<var>${result}</var>
</assign>
<msg timestamp="20191101 11:39:44.091" level="INFO">${result} = === route domain: 0 ===
BGP router identifier 198.18.96.6, local AS number 65279
BGP table version is 4
2 BGP AS-PATH entries
0 BGP community entries

Neighbor        V    AS MsgRcvd MsgSent   TblVer ...</msg>
<status status="PASS" starttime="20191101 11:39:40.294" endtime="20191101 11:39:44.091"></status>
</kw>
<kw name="Log" library="BuiltIn">
<doc>Logs the given message with the given level.</doc>
<arguments>
<arg>Secondary F5: ${result}</arg>
</arguments>
<msg timestamp="20191101 11:39:44.093" level="INFO">Secondary F5: === route domain: 0 ===
BGP router identifier 198.18.96.6, local AS number 65279
BGP table version is 4
2 BGP AS-PATH entries
0 BGP community entries

Neighbor        V    AS MsgRcvd MsgSent   TblVer  InQ OutQ Up/Down  State/PfxRcd
198.18.96.1     4 65179   42222  169237        4    0    0 1d23h02m        1
198.18.96.2     4 65179   42223  169238        4    0    0 1d23h02m        1

Total number of neighbors 2

</msg>
<status status="PASS" starttime="20191101 11:39:44.092" endtime="20191101 11:39:44.094"></status>
</kw>
<kw name="zebos -c 'show ip bgp summary'" library="primary">
<assign>
<var>${result}</var>
</assign>
<msg timestamp="20191101 11:39:51.741" level="INFO">${result} = === route domain: 0 ===
BGP router identifier 198.18.96.5, local AS number 65279
BGP table version is 53
2 BGP AS-PATH entries
0 BGP community entries

Neighbor        V    AS MsgRcvd MsgSent   TblVer...</msg>
<status status="PASS" starttime="20191101 11:39:44.095" endtime="20191101 11:39:51.741"></status>
</kw>
<kw name="Log" library="BuiltIn">
<doc>Logs the given message with the given level.</doc>
<arguments>
<arg>Primary F5: ${result}</arg>
</arguments>
<msg timestamp="20191101 11:39:51.742" level="INFO">Primary F5: === route domain: 0 ===
BGP router identifier 198.18.96.5, local AS number 65279
BGP table version is 53
2 BGP AS-PATH entries
0 BGP community entries

Neighbor        V    AS MsgRcvd MsgSent   TblVer  InQ OutQ Up/Down  State/PfxRcd
198.18.96.1     4 65179   63929  256306       53    0    0 2d23h13m        1
198.18.96.2     4 65179   63928  256293       53    0    0 2d23h13m        1

Total number of neighbors 2

</msg>
<status status="PASS" starttime="20191101 11:39:51.742" endtime="20191101 11:39:51.742"></status>
</kw>
<status status="PASS" starttime="20191101 11:39:40.293" endtime="20191101 11:39:51.742"></status>
</kw>
<suite id="s1-s1-s1" name="V4 Routing" source="C:\Users\p2901112\Documents\robots\f5_ltm\BGP\01__v4_routing.robot">
<test id="s1-s1-s1-t1" name="IPv4 Neighbors Established">
<kw name="zebos -c 'show bgp neighbors 198.18.96.1 | grep state'" library="F5Rest">
<assign>
<var>${result}</var>
</assign>
<msg timestamp="20191101 11:39:53.612" level="INFO">${result} = === route domain: 0 ===
  BGP state = Established, up for 2d23h13m

</msg>
<status status="PASS" starttime="20191101 11:39:51.756" endtime="20191101 11:39:53.612"></status>
</kw>
<kw name="Log" library="BuiltIn">
<doc>Logs the given message with the given level.</doc>
<arguments>
<arg>${result}</arg>
</arguments>
<msg timestamp="20191101 11:39:53.612" level="INFO">=== route domain: 0 ===
  BGP state = Established, up for 2d23h13m

</msg>
<status status="PASS" starttime="20191101 11:39:53.612" endtime="20191101 11:39:53.613"></status>
</kw>
<kw name="Should Contain" library="BuiltIn">
<doc>Fails if ``container`` does not contain ``item`` one or more times.</doc>
<arguments>
<arg>${result}</arg>
<arg>Established</arg>
</arguments>
<status status="PASS" starttime="20191101 11:39:53.613" endtime="20191101 11:39:53.613"></status>
</kw>
<kw name="Should Not Contain" library="BuiltIn">
<doc>Fails if ``container`` contains ``item`` one or more times.</doc>
<arguments>
<arg>${result}</arg>
<arg>Active</arg>
</arguments>
<status status="PASS" starttime="20191101 11:39:53.614" endtime="20191101 11:39:53.614"></status>
</kw>
<doc>Verify IPv4 BGP neighbors.</doc>
<status status="PASS" starttime="20191101 11:39:51.755" endtime="20191101 11:39:53.615" critical="yes"></status>
</test>
<test id="s1-s1-s1-t2" name="IPv6 Neighbors Established">
<kw name="zebos -c 'show bgp summary'" library="F5Rest">
<assign>
<var>${result}</var>
</assign>
<msg timestamp="20191101 11:39:53.909" level="INFO">${result} = === route domain: 0 ===
BGP router identifier 198.18.96.5, local AS number 65279
BGP table version is 7
2 BGP AS-PATH entries
0 BGP community entries

Neighbor        V    AS MsgRcvd MsgSent   TblVer ...</msg>
<status status="PASS" starttime="20191101 11:39:53.652" endtime="20191101 11:39:53.910"></status>
</kw>
<kw name="Log" library="BuiltIn">
<doc>Logs the given message with the given level.</doc>
<arguments>
<arg>${result}</arg>
</arguments>
<msg timestamp="20191101 11:39:53.910" level="INFO">=== route domain: 0 ===
BGP router identifier 198.18.96.5, local AS number 65279
BGP table version is 7
2 BGP AS-PATH entries
0 BGP community entries

Neighbor        V    AS MsgRcvd MsgSent   TblVer  InQ OutQ Up/Down  State/PfxRcd
2001:200:0:1400::1 4 65179   63923  256274        7    0    0 2d23h13m        1
2001:200:0:1400::2 4 65179   63922  256263        7    0    0 2d23h12m        1

Total number of neighbors 2

</msg>
<status status="PASS" starttime="20191101 11:39:53.910" endtime="20191101 11:39:53.910"></status>
</kw>
<doc>Verify IPv6 BGP neighbors.</doc>
<status status="PASS" starttime="20191101 11:39:53.651" endtime="20191101 11:39:53.911" critical="yes"></status>
</test>
<test id="s1-s1-s1-t3" name="Kernel route advertisement">
<kw name="Log" library="BuiltIn">
<doc>Logs the given message with the given level.</doc>
<arguments>
<arg>test</arg>
</arguments>
<msg timestamp="20191101 11:39:53.912" level="INFO">test</msg>
<status status="PASS" starttime="20191101 11:39:53.912" endtime="20191101 11:39:53.913"></status>
</kw>
<doc>Advertise a kernel route to an upstream peer.</doc>
<status status="PASS" starttime="20191101 11:39:53.912" endtime="20191101 11:39:53.913" critical="yes"></status>
</test>
<test id="s1-s1-s1-t4" name="Prefix list">
<kw name="Log" library="BuiltIn">
<doc>Logs the given message with the given level.</doc>
<arguments>
<arg>test2</arg>
</arguments>
<msg timestamp="20191101 11:39:53.915" level="INFO">test2</msg>
<status status="PASS" starttime="20191101 11:39:53.914" endtime="20191101 11:39:53.915"></status>
</kw>
<doc>Test that a v4 prefix list blocks an advertisement.</doc>
<status status="PASS" starttime="20191101 11:39:53.914" endtime="20191101 11:39:53.915" critical="yes"></status>
</test>
<status status="PASS" starttime="20191101 11:39:51.742" endtime="20191101 11:39:53.917"></status>
</suite>
<doc>BGP Routing Protocol Tests</doc>
<status status="PASS" starttime="20191101 11:39:33.747" endtime="20191101 11:39:53.919"></status>
</suite>
<doc>F5 New Code Validation</doc>
<status status="PASS" starttime="20191101 11:39:33.038" endtime="20191101 11:39:53.921"></status>
</suite>
<statistics>
<total>
<stat pass="4" fail="0">Critical Tests</stat>
<stat pass="4" fail="0">All Tests</stat>
</total>
<tag>
</tag>
<suite>
<stat pass="4" fail="0" id="s1" name="F5 Ltm">F5 Ltm</stat>
<stat pass="4" fail="0" id="s1-s1" name="BGP">F5 Ltm.BGP</stat>
<stat pass="4" fail="0" id="s1-s1-s1" name="V4 Routing">F5 Ltm.BGP.V4 Routing</stat>
</suite>
</statistics>
<errors>
<msg timestamp="20191101 11:39:34.274" level="WARN">Importing custom F5 library</msg>
<msg timestamp="20191101 11:39:34.297" level="WARN">Connecting to F5 10.240.72.161</msg>
<msg timestamp="20191101 11:39:37.685" level="WARN">Connecting to F5 10.240.72.162</msg>
<msg timestamp="20191101 11:39:40.295" level="WARN">Connecting to F5 10.240.72.162</msg>
<msg timestamp="20191101 11:39:44.096" level="WARN">Connecting to F5 10.240.72.161</msg>
<msg timestamp="20191101 11:39:51.756" level="WARN">Connecting to F5 10.240.72.161</msg>
</errors>
</robot>
